[debug] [2023-11-22T23:17:08.731Z] ----------------------------------------------------------------------
[debug] [2023-11-22T23:17:08.733Z] Command:       /usr/local/Cellar/node/18.3.0/bin/node /usr/local/bin/firebase deploy
[debug] [2023-11-22T23:17:08.734Z] CLI Version:   11.25.3
[debug] [2023-11-22T23:17:08.734Z] Platform:      darwin
[debug] [2023-11-22T23:17:08.734Z] Node Version:  v18.3.0
[debug] [2023-11-22T23:17:08.736Z] Time:          Wed Nov 22 2023 23:17:08 GMT+0000 (Greenwich Mean Time)
[debug] [2023-11-22T23:17:08.736Z] ----------------------------------------------------------------------
[debug] 
[debug] [2023-11-22T23:17:08.823Z] > command requires scopes: ["email","openid","https://www.googleapis.com/auth/cloudplatformprojects.readonly","https://www.googleapis.com/auth/firebase","https://www.googleapis.com/auth/cloud-platform"]
[debug] [2023-11-22T23:17:08.824Z] > authorizing via signed-in user (kailaanakin@gmail.com)
[debug] [2023-11-22T23:17:08.824Z] [iam] checking project pure-divilment-ab729 for permissions ["firebase.projects.get","firebasehosting.sites.update"]
[debug] [2023-11-22T23:17:08.827Z] >>> [apiv2][query] POST https://cloudresourcemanager.googleapis.com/v1/projects/pure-divilment-ab729:testIamPermissions [none]
[debug] [2023-11-22T23:17:08.827Z] >>> [apiv2][(partial)header] POST https://cloudresourcemanager.googleapis.com/v1/projects/pure-divilment-ab729:testIamPermissions x-goog-quota-user=projects/pure-divilment-ab729
[debug] [2023-11-22T23:17:08.827Z] >>> [apiv2][body] POST https://cloudresourcemanager.googleapis.com/v1/projects/pure-divilment-ab729:testIamPermissions {"permissions":["firebase.projects.get","firebasehosting.sites.update"]}
[debug] [2023-11-22T23:17:09.629Z] <<< [apiv2][status] POST https://cloudresourcemanager.googleapis.com/v1/projects/pure-divilment-ab729:testIamPermissions 200
[debug] [2023-11-22T23:17:09.629Z] <<< [apiv2][body] POST https://cloudresourcemanager.googleapis.com/v1/projects/pure-divilment-ab729:testIamPermissions {"permissions":["firebase.projects.get","firebasehosting.sites.update"]}
[debug] [2023-11-22T23:17:09.631Z] >>> [apiv2][query] GET https://firebase.googleapis.com/v1beta1/projects/pure-divilment-ab729 [none]
[debug] [2023-11-22T23:17:09.998Z] <<< [apiv2][status] GET https://firebase.googleapis.com/v1beta1/projects/pure-divilment-ab729 200
[debug] [2023-11-22T23:17:09.999Z] <<< [apiv2][body] GET https://firebase.googleapis.com/v1beta1/projects/pure-divilment-ab729 {"projectId":"pure-divilment-ab729","projectNumber":"291432112968","displayName":"pure-divilment","name":"projects/pure-divilment-ab729","resources":{"hostingSite":"pure-divilment-ab729"},"state":"ACTIVE","etag":"1_87bfca91-7257-4c21-873e-2957fd4ebb26"}
[info] 
[info] === Deploying to 'pure-divilment-ab729'...
[info] 
[info] i  deploying hosting 
[debug] [2023-11-22T23:17:10.005Z] >>> [apiv2][query] POST https://firebasehosting.googleapis.com/v1beta1/projects/-/sites/pure-divilment-ab729/versions [none]
[debug] [2023-11-22T23:17:10.005Z] >>> [apiv2][body] POST https://firebasehosting.googleapis.com/v1beta1/projects/-/sites/pure-divilment-ab729/versions {"status":"CREATED","labels":{"deployment-tool":"cli-firebase"}}
